<beans xmlns="http://www.springframework.org/schema/beans"
       xmlns:xsi="http://www.w3.org/2001/XMLSchema-instance"
       xsi:schemaLocation="
       http://www.springframework.org/schema/beans http://www.springframework.org/schema/beans/spring-beans-2.0.xsd
       http://activemq.apache.org/camel/schema/spring http://activemq.apache.org/camel/schema/spring/camel-spring.xsd">

	<camelContext id="camel" xmlns="http://activemq.apache.org/camel/schema/spring">
		<route>
			<from uri="file:test_camel" />
			<filter>
				<groovy>request.file.name.endsWith(".log")</groovy>
				<to uri="log:test" />
			</filter>
		</route>
	</camelContext>

</beans>